<?xml version="1.0" encoding="UTF-8"?>
<testng-results ignored="0" total="7" passed="6" failed="1" skipped="0">
  <reporter-output>
  </reporter-output>
  <suite started-at="2023-05-29T21:54:49 IST" name="Default suite" finished-at="2023-05-29T21:55:45 IST" duration-ms="56670">
    <groups>
    </groups>
    <test started-at="2023-05-29T21:54:49 IST" name="Default test" finished-at="2023-05-29T21:55:45 IST" duration-ms="56670">
      <class name="com.tutorialsninja.qa.testcases.Register">
        <test-method is-config="true" signature="setup()[pri:0, instance:com.tutorialsninja.qa.testcases.Register@6025e1b6]" started-at="2023-05-29T21:55:14 IST" name="setup" finished-at="2023-05-29T21:55:20 IST" duration-ms="6160" status="PASS">
          <reporter-output>
          </reporter-output>
        </test-method> <!-- setup -->
        <test-method signature="verifyRegiterWithMandatoryFields()[pri:1, instance:com.tutorialsninja.qa.testcases.Register@6025e1b6]" started-at="2023-05-29T21:55:20 IST" name="verifyRegiterWithMandatoryFields" finished-at="2023-05-29T21:55:22 IST" duration-ms="2035" status="PASS">
          <reporter-output>
          </reporter-output>
        </test-method> <!-- verifyRegiterWithMandatoryFields -->
        <test-method is-config="true" signature="tearDown()[pri:0, instance:com.tutorialsninja.qa.testcases.Register@6025e1b6]" started-at="2023-05-29T21:55:22 IST" name="tearDown" finished-at="2023-05-29T21:55:22 IST" duration-ms="232" status="PASS">
          <reporter-output>
          </reporter-output>
        </test-method> <!-- tearDown -->
        <test-method is-config="true" signature="setup()[pri:0, instance:com.tutorialsninja.qa.testcases.Register@6025e1b6]" started-at="2023-05-29T21:55:22 IST" name="setup" finished-at="2023-05-29T21:55:26 IST" duration-ms="3936" status="PASS">
          <reporter-output>
          </reporter-output>
        </test-method> <!-- setup -->
        <test-method signature="verifyRegiterWithAllFields()[pri:2, instance:com.tutorialsninja.qa.testcases.Register@6025e1b6]" started-at="2023-05-29T21:55:26 IST" name="verifyRegiterWithAllFields" finished-at="2023-05-29T21:55:28 IST" duration-ms="2030" status="PASS">
          <reporter-output>
          </reporter-output>
        </test-method> <!-- verifyRegiterWithAllFields -->
        <test-method is-config="true" signature="tearDown()[pri:0, instance:com.tutorialsninja.qa.testcases.Register@6025e1b6]" started-at="2023-05-29T21:55:28 IST" name="tearDown" finished-at="2023-05-29T21:55:29 IST" duration-ms="181" status="PASS">
          <reporter-output>
          </reporter-output>
        </test-method> <!-- tearDown -->
      </class> <!-- com.tutorialsninja.qa.testcases.Register -->
      <class name="com.tutorialsninja.qa.testcases.Search">
        <test-method is-config="true" signature="setup()[pri:0, instance:com.tutorialsninja.qa.testcases.Search@59474f18]" started-at="2023-05-29T21:54:49 IST" name="setup" finished-at="2023-05-29T21:55:03 IST" duration-ms="14535" status="PASS">
          <reporter-output>
          </reporter-output>
        </test-method> <!-- setup -->
        <test-method signature="verifySearchwithValidProduct()[pri:1, instance:com.tutorialsninja.qa.testcases.Search@59474f18]" started-at="2023-05-29T21:55:03 IST" name="verifySearchwithValidProduct" finished-at="2023-05-29T21:55:04 IST" duration-ms="1139" status="PASS">
          <reporter-output>
          </reporter-output>
        </test-method> <!-- verifySearchwithValidProduct -->
        <test-method is-config="true" signature="tearDown()[pri:0, instance:com.tutorialsninja.qa.testcases.Search@59474f18]" started-at="2023-05-29T21:55:04 IST" name="tearDown" finished-at="2023-05-29T21:55:05 IST" duration-ms="701" status="PASS">
          <reporter-output>
          </reporter-output>
        </test-method> <!-- tearDown -->
        <test-method is-config="true" signature="setup()[pri:0, instance:com.tutorialsninja.qa.testcases.Search@59474f18]" started-at="2023-05-29T21:55:05 IST" name="setup" finished-at="2023-05-29T21:55:12 IST" duration-ms="7315" status="PASS">
          <reporter-output>
          </reporter-output>
        </test-method> <!-- setup -->
        <test-method signature="verifySearchwithInvalidProduct()[pri:2, instance:com.tutorialsninja.qa.testcases.Search@59474f18]" started-at="2023-05-29T21:55:12 IST" name="verifySearchwithInvalidProduct" finished-at="2023-05-29T21:55:14 IST" duration-ms="1130" status="FAIL">
          <exception class="java.lang.AssertionError">
            <message>
              <![CDATA[expected [There is noo product that matches the search criteria.] but found [There is no product that matches the search criteria.]]]>
            </message>
            <full-stacktrace>
              <![CDATA[java.lang.AssertionError: expected [There is noo product that matches the search criteria.] but found [There is no product that matches the search criteria.]
at org.testng.Assert.fail(Assert.java:110)
at org.testng.Assert.failNotEquals(Assert.java:1413)
at org.testng.Assert.assertEqualsImpl(Assert.java:149)
at org.testng.Assert.assertEquals(Assert.java:131)
at org.testng.Assert.assertEquals(Assert.java:655)
at org.testng.Assert.assertEquals(Assert.java:665)
at com.tutorialsninja.qa.testcases.Search.verifySearchwithInvalidProduct(Search.java:44)
at java.base/jdk.internal.reflect.NativeMethodAccessorImpl.invoke0(Native Method)
at java.base/jdk.internal.reflect.NativeMethodAccessorImpl.invoke(NativeMethodAccessorImpl.java:77)
at java.base/jdk.internal.reflect.DelegatingMethodAccessorImpl.invoke(DelegatingMethodAccessorImpl.java:43)
at java.base/java.lang.reflect.Method.invoke(Method.java:568)
at org.testng.internal.invokers.MethodInvocationHelper.invokeMethod(MethodInvocationHelper.java:139)
at org.testng.internal.invokers.TestInvoker.invokeMethod(TestInvoker.java:677)
at org.testng.internal.invokers.TestInvoker.invokeTestMethod(TestInvoker.java:221)
at org.testng.internal.invokers.MethodRunner.runInSequence(MethodRunner.java:50)
at org.testng.internal.invokers.TestInvoker$MethodInvocationAgent.invoke(TestInvoker.java:962)
at org.testng.internal.invokers.TestInvoker.invokeTestMethods(TestInvoker.java:194)
at org.testng.internal.invokers.TestMethodWorker.invokeTestMethods(TestMethodWorker.java:148)
at org.testng.internal.invokers.TestMethodWorker.run(TestMethodWorker.java:128)
at java.base/java.util.ArrayList.forEach(ArrayList.java:1511)
at org.testng.TestRunner.privateRun(TestRunner.java:806)
at org.testng.TestRunner.run(TestRunner.java:601)
at org.testng.SuiteRunner.runTest(SuiteRunner.java:433)
at org.testng.SuiteRunner.runSequentially(SuiteRunner.java:427)
at org.testng.SuiteRunner.privateRun(SuiteRunner.java:387)
at org.testng.SuiteRunner.run(SuiteRunner.java:330)
at org.testng.SuiteRunnerWorker.runSuite(SuiteRunnerWorker.java:52)
at org.testng.SuiteRunnerWorker.run(SuiteRunnerWorker.java:95)
at org.testng.TestNG.runSuitesSequentially(TestNG.java:1256)
at org.testng.TestNG.runSuitesLocally(TestNG.java:1176)
at org.testng.TestNG.runSuites(TestNG.java:1099)
at org.testng.TestNG.run(TestNG.java:1067)
at org.testng.remote.AbstractRemoteTestNG.run(AbstractRemoteTestNG.java:115)
at org.testng.remote.RemoteTestNG.initAndRun(RemoteTestNG.java:251)
at org.testng.remote.RemoteTestNG.main(RemoteTestNG.java:77)
]]>
            </full-stacktrace>
          </exception> <!-- java.lang.AssertionError -->
          <reporter-output>
          </reporter-output>
        </test-method> <!-- verifySearchwithInvalidProduct -->
        <test-method is-config="true" signature="tearDown()[pri:0, instance:com.tutorialsninja.qa.testcases.Search@59474f18]" started-at="2023-05-29T21:55:14 IST" name="tearDown" finished-at="2023-05-29T21:55:14 IST" duration-ms="403" status="PASS">
          <reporter-output>
          </reporter-output>
        </test-method> <!-- tearDown -->
      </class> <!-- com.tutorialsninja.qa.testcases.Search -->
      <class name="com.tutorialsninja.qa.testcases.Login">
        <test-method is-config="true" signature="setup()[pri:0, instance:com.tutorialsninja.qa.testcases.Login@22ff4249]" started-at="2023-05-29T21:55:30 IST" name="setup" finished-at="2023-05-29T21:55:33 IST" duration-ms="3396" status="PASS">
          <reporter-output>
          </reporter-output>
        </test-method> <!-- setup -->
        <test-method signature="verifyLoginWithValidCredentials(java.lang.String,java.lang.String)[pri:1, instance:com.tutorialsninja.qa.testcases.Login@22ff4249]" started-at="2023-05-29T21:55:33 IST" name="verifyLoginWithValidCredentials" data-provider="validCredentialsProvider" finished-at="2023-05-29T21:55:34 IST" duration-ms="1115" status="PASS">
          <params>
            <param index="0">
              <value>
                <![CDATA[rajSun_May_21_12-35-56_IST_2023@gmail.com]]>
              </value>
            </param>
            <param index="1">
              <value>
                <![CDATA[Qafox@1234]]>
              </value>
            </param>
          </params>
          <reporter-output>
          </reporter-output>
        </test-method> <!-- verifyLoginWithValidCredentials -->
        <test-method is-config="true" signature="tearDown()[pri:0, instance:com.tutorialsninja.qa.testcases.Login@22ff4249]" started-at="2023-05-29T21:55:34 IST" name="tearDown" finished-at="2023-05-29T21:55:35 IST" duration-ms="344" status="PASS">
          <reporter-output>
          </reporter-output>
        </test-method> <!-- tearDown -->
        <test-method is-config="true" signature="setup()[pri:0, instance:com.tutorialsninja.qa.testcases.Login@22ff4249]" started-at="2023-05-29T21:55:35 IST" name="setup" finished-at="2023-05-29T21:55:39 IST" duration-ms="4556" status="PASS">
          <reporter-output>
          </reporter-output>
        </test-method> <!-- setup -->
        <test-method signature="verifyLoginWithValidCredentials(java.lang.String,java.lang.String)[pri:1, instance:com.tutorialsninja.qa.testcases.Login@22ff4249]" started-at="2023-05-29T21:55:39 IST" name="verifyLoginWithValidCredentials" data-provider="validCredentialsProvider" finished-at="2023-05-29T21:55:40 IST" duration-ms="1204" status="PASS">
          <params>
            <param index="0">
              <value>
                <![CDATA[abcd1234xyz@gmail.com]]>
              </value>
            </param>
            <param index="1">
              <value>
                <![CDATA[abc@1234]]>
              </value>
            </param>
          </params>
          <reporter-output>
          </reporter-output>
        </test-method> <!-- verifyLoginWithValidCredentials -->
        <test-method is-config="true" signature="tearDown()[pri:0, instance:com.tutorialsninja.qa.testcases.Login@22ff4249]" started-at="2023-05-29T21:55:40 IST" name="tearDown" finished-at="2023-05-29T21:55:41 IST" duration-ms="387" status="PASS">
          <reporter-output>
          </reporter-output>
        </test-method> <!-- tearDown -->
        <test-method is-config="true" signature="setup()[pri:0, instance:com.tutorialsninja.qa.testcases.Login@22ff4249]" started-at="2023-05-29T21:55:41 IST" name="setup" finished-at="2023-05-29T21:55:44 IST" duration-ms="3267" status="PASS">
          <reporter-output>
          </reporter-output>
        </test-method> <!-- setup -->
        <test-method signature="verifyLoginWithInvalidCredentials()[pri:2, instance:com.tutorialsninja.qa.testcases.Login@22ff4249]" started-at="2023-05-29T21:55:44 IST" name="verifyLoginWithInvalidCredentials" finished-at="2023-05-29T21:55:45 IST" duration-ms="978" status="PASS">
          <reporter-output>
          </reporter-output>
        </test-method> <!-- verifyLoginWithInvalidCredentials -->
        <test-method is-config="true" signature="tearDown()[pri:0, instance:com.tutorialsninja.qa.testcases.Login@22ff4249]" started-at="2023-05-29T21:55:45 IST" name="tearDown" finished-at="2023-05-29T21:55:45 IST" duration-ms="395" status="PASS">
          <reporter-output>
          </reporter-output>
        </test-method> <!-- tearDown -->
      </class> <!-- com.tutorialsninja.qa.testcases.Login -->
    </test> <!-- Default test -->
  </suite> <!-- Default suite -->
</testng-results>
